{"level":"info","message":"Socket.io initialisé","service":"socket","timestamp":"2026-06-15T11:40:53.432Z"}
{"level":"info","message":"Nouvelle connexion PostgreSQL établie","service":"database","timestamp":"2026-06-15T11:40:53.502Z"}
{"level":"info","message":"PostgreSQL connecté — serveur: Mon Jun 15 2026 14:40:53 GMT+0300 (heure normale de Moscou)","service":"database","timestamp":"2026-06-15T11:40:53.509Z"}
{"level":"warn","message":"Firebase non configuré — variables manquantes : FIREBASE_PROJECT_ID, FIREBASE_CLIENT_EMAIL, FIREBASE_PRIVATE_KEY. Les notifications push seront désactivées.","service":"firebase","timestamp":"2026-06-15T11:40:53.510Z"}
{"level":"info","message":"✓ Serveur démarré sur http://localhost:3000","service":"server","timestamp":"2026-06-15T11:40:53.513Z"}
{"level":"info","message":"✓ Swagger disponible sur http://localhost:3000/api/docs","service":"server","timestamp":"2026-06-15T11:40:53.513Z"}
{"level":"info","message":"✓ Environnement : development","service":"server","timestamp":"2026-06-15T11:40:53.514Z"}
{"level":"info","message":"Socket.io initialisé","service":"socket","timestamp":"2026-06-15T11:41:09.363Z"}
{"level":"info","message":"Nouvelle connexion PostgreSQL établie","service":"database","timestamp":"2026-06-15T11:41:09.445Z"}
{"level":"info","message":"PostgreSQL connecté — serveur: Mon Jun 15 2026 14:41:09 GMT+0300 (heure normale de Moscou)","service":"database","timestamp":"2026-06-15T11:41:09.448Z"}
{"level":"warn","message":"Firebase non configuré — variables manquantes : FIREBASE_PROJECT_ID, FIREBASE_CLIENT_EMAIL, FIREBASE_PRIVATE_KEY. Les notifications push seront désactivées.","service":"firebase","timestamp":"2026-06-15T11:41:09.449Z"}
{"level":"info","message":"✓ Serveur démarré sur http://localhost:3000","service":"server","timestamp":"2026-06-15T11:41:09.454Z"}
{"level":"info","message":"✓ Swagger disponible sur http://localhost:3000/api/docs","service":"server","timestamp":"2026-06-15T11:41:09.456Z"}
{"level":"info","message":"✓ Environnement : development","service":"server","timestamp":"2026-06-15T11:41:09.457Z"}
{"level":"info","message":"Socket.io initialisé","service":"socket","timestamp":"2026-06-15T11:41:37.140Z"}
{"level":"info","message":"Nouvelle connexion PostgreSQL établie","service":"database","timestamp":"2026-06-15T11:41:37.210Z"}
{"level":"info","message":"PostgreSQL connecté — serveur: Mon Jun 15 2026 14:41:37 GMT+0300 (heure normale de Moscou)","service":"database","timestamp":"2026-06-15T11:41:37.213Z"}
{"level":"warn","message":"Firebase non configuré — variables manquantes : FIREBASE_PROJECT_ID, FIREBASE_CLIENT_EMAIL, FIREBASE_PRIVATE_KEY. Les notifications push seront désactivées.","service":"firebase","timestamp":"2026-06-15T11:41:37.215Z"}
{"level":"info","message":"✓ Serveur démarré sur http://localhost:3000","service":"server","timestamp":"2026-06-15T11:41:37.217Z"}
{"level":"info","message":"✓ Swagger disponible sur http://localhost:3000/api/docs","service":"server","timestamp":"2026-06-15T11:41:37.217Z"}
{"level":"info","message":"✓ Environnement : development","service":"server","timestamp":"2026-06-15T11:41:37.218Z"}
{"level":"info","message":"Socket.io initialisé","service":"socket","timestamp":"2026-06-15T11:42:34.659Z"}
{"level":"info","message":"Nouvelle connexion PostgreSQL établie","service":"database","timestamp":"2026-06-15T11:42:34.737Z"}
{"level":"info","message":"PostgreSQL connecté — serveur: Mon Jun 15 2026 14:42:34 GMT+0300 (heure normale de Moscou)","service":"database","timestamp":"2026-06-15T11:42:34.742Z"}
{"level":"warn","message":"Firebase non configuré — variables manquantes : FIREBASE_PROJECT_ID, FIREBASE_CLIENT_EMAIL, FIREBASE_PRIVATE_KEY. Les notifications push seront désactivées.","service":"firebase","timestamp":"2026-06-15T11:42:34.743Z"}
{"level":"info","message":"✓ Serveur démarré sur http://localhost:3000","service":"server","timestamp":"2026-06-15T11:42:34.745Z"}
{"level":"info","message":"✓ Swagger disponible sur http://localhost:3000/api/docs","service":"server","timestamp":"2026-06-15T11:42:34.746Z"}
{"level":"info","message":"✓ Environnement : development","service":"server","timestamp":"2026-06-15T11:42:34.746Z"}
{"level":"info","message":"Socket.io initialisé","service":"socket","timestamp":"2026-06-15T11:43:05.622Z"}
{"level":"info","message":"Nouvelle connexion PostgreSQL établie","service":"database","timestamp":"2026-06-15T11:43:05.679Z"}
{"level":"info","message":"PostgreSQL connecté — serveur: Mon Jun 15 2026 14:43:05 GMT+0300 (heure normale de Moscou)","service":"database","timestamp":"2026-06-15T11:43:05.682Z"}
{"level":"warn","message":"Firebase non configuré — variables manquantes : FIREBASE_PROJECT_ID, FIREBASE_CLIENT_EMAIL, FIREBASE_PRIVATE_KEY. Les notifications push seront désactivées.","service":"firebase","timestamp":"2026-06-15T11:43:05.683Z"}
{"level":"info","message":"✓ Serveur démarré sur http://localhost:3000","service":"server","timestamp":"2026-06-15T11:43:05.686Z"}
{"level":"info","message":"✓ Swagger disponible sur http://localhost:3000/api/docs","service":"server","timestamp":"2026-06-15T11:43:05.686Z"}
{"level":"info","message":"✓ Environnement : development","service":"server","timestamp":"2026-06-15T11:43:05.687Z"}
{"level":"info","message":"Socket.io initialisé","service":"socket","timestamp":"2026-06-15T11:44:02.922Z"}
{"level":"info","message":"Nouvelle connexion PostgreSQL établie","service":"database","timestamp":"2026-06-15T11:44:03.009Z"}
{"level":"info","message":"PostgreSQL connecté — serveur: Mon Jun 15 2026 14:44:03 GMT+0300 (heure normale de Moscou)","service":"database","timestamp":"2026-06-15T11:44:03.013Z"}
{"level":"warn","message":"Firebase non configuré — variables manquantes : FIREBASE_PROJECT_ID, FIREBASE_CLIENT_EMAIL, FIREBASE_PRIVATE_KEY. Les notifications push seront désactivées.","service":"firebase","timestamp":"2026-06-15T11:44:03.014Z"}
{"level":"info","message":"✓ Serveur démarré sur http://localhost:3000","service":"server","timestamp":"2026-06-15T11:44:03.017Z"}
{"level":"info","message":"✓ Swagger disponible sur http://localhost:3000/api/docs","service":"server","timestamp":"2026-06-15T11:44:03.017Z"}
{"level":"info","message":"✓ Environnement : development","service":"server","timestamp":"2026-06-15T11:44:03.018Z"}
{"level":"info","message":"Socket.io initialisé","service":"socket","timestamp":"2026-06-15T11:44:49.816Z"}
{"level":"info","message":"Nouvelle connexion PostgreSQL établie","service":"database","timestamp":"2026-06-15T11:44:49.877Z"}
{"level":"info","message":"PostgreSQL connecté — serveur: Mon Jun 15 2026 14:44:49 GMT+0300 (heure normale de Moscou)","service":"database","timestamp":"2026-06-15T11:44:49.881Z"}
{"level":"warn","message":"Firebase non configuré — variables manquantes : FIREBASE_PROJECT_ID, FIREBASE_CLIENT_EMAIL, FIREBASE_PRIVATE_KEY. Les notifications push seront désactivées.","service":"firebase","timestamp":"2026-06-15T11:44:49.882Z"}
{"level":"info","message":"✓ Serveur démarré sur http://localhost:3000","service":"server","timestamp":"2026-06-15T11:44:49.885Z"}
{"level":"info","message":"✓ Swagger disponible sur http://localhost:3000/api/docs","service":"server","timestamp":"2026-06-15T11:44:49.886Z"}
{"level":"info","message":"✓ Environnement : development","service":"server","timestamp":"2026-06-15T11:44:49.887Z"}
{"level":"info","message":"Socket.io initialisé","service":"socket","timestamp":"2026-06-15T11:45:35.566Z"}
{"level":"info","message":"Nouvelle connexion PostgreSQL établie","service":"database","timestamp":"2026-06-15T11:45:35.748Z"}
{"level":"info","message":"PostgreSQL connecté — serveur: Mon Jun 15 2026 14:45:35 GMT+0300 (heure normale de Moscou)","service":"database","timestamp":"2026-06-15T11:45:35.751Z"}
{"level":"warn","message":"Firebase non configuré — variables manquantes : FIREBASE_PROJECT_ID, FIREBASE_CLIENT_EMAIL, FIREBASE_PRIVATE_KEY. Les notifications push seront désactivées.","service":"firebase","timestamp":"2026-06-15T11:45:35.752Z"}
{"level":"info","message":"✓ Serveur démarré sur http://localhost:3000","service":"server","timestamp":"2026-06-15T11:45:35.756Z"}
{"level":"info","message":"✓ Swagger disponible sur http://localhost:3000/api/docs","service":"server","timestamp":"2026-06-15T11:45:35.757Z"}
{"level":"info","message":"✓ Environnement : development","service":"server","timestamp":"2026-06-15T11:45:35.759Z"}
{"level":"info","message":"Socket.io initialisé","service":"socket","timestamp":"2026-06-15T11:48:04.796Z"}
{"level":"info","message":"Nouvelle connexion PostgreSQL établie","service":"database","timestamp":"2026-06-15T11:48:04.853Z"}
{"level":"info","message":"PostgreSQL connecté — serveur: Mon Jun 15 2026 14:48:04 GMT+0300 (heure normale de Moscou)","service":"database","timestamp":"2026-06-15T11:48:04.856Z"}
{"level":"warn","message":"Firebase non configuré — variables manquantes : FIREBASE_PROJECT_ID, FIREBASE_CLIENT_EMAIL, FIREBASE_PRIVATE_KEY. Les notifications push seront désactivées.","service":"firebase","timestamp":"2026-06-15T11:48:04.857Z"}
{"level":"info","message":"✓ Serveur démarré sur http://localhost:3000","service":"server","timestamp":"2026-06-15T11:48:04.860Z"}
{"level":"info","message":"✓ Swagger disponible sur http://localhost:3000/api/docs","service":"server","timestamp":"2026-06-15T11:48:04.860Z"}
{"level":"info","message":"✓ Environnement : development","service":"server","timestamp":"2026-06-15T11:48:04.861Z"}
{"level":"info","message":"Socket.io initialisé","service":"socket","timestamp":"2026-06-15T11:48:13.977Z"}
{"level":"info","message":"Nouvelle connexion PostgreSQL établie","service":"database","timestamp":"2026-06-15T11:48:14.164Z"}
{"level":"info","message":"PostgreSQL connecté — serveur: Mon Jun 15 2026 14:48:14 GMT+0300 (heure normale de Moscou)","service":"database","timestamp":"2026-06-15T11:48:14.169Z"}
{"level":"warn","message":"Firebase non configuré — variables manquantes : FIREBASE_PROJECT_ID, FIREBASE_CLIENT_EMAIL, FIREBASE_PRIVATE_KEY. Les notifications push seront désactivées.","service":"firebase","timestamp":"2026-06-15T11:48:14.170Z"}
{"level":"info","message":"✓ Serveur démarré sur http://localhost:3000","service":"server","timestamp":"2026-06-15T11:48:14.173Z"}
{"level":"info","message":"✓ Swagger disponible sur http://localhost:3000/api/docs","service":"server","timestamp":"2026-06-15T11:48:14.174Z"}
{"level":"info","message":"✓ Environnement : development","service":"server","timestamp":"2026-06-15T11:48:14.175Z"}
{"level":"info","message":"Socket.io initialisé","service":"socket","timestamp":"2026-06-15T16:35:43.098Z"}
{"level":"info","message":"Nouvelle connexion PostgreSQL établie","service":"database","timestamp":"2026-06-15T16:35:43.174Z"}
{"level":"info","message":"PostgreSQL connecté — serveur: Mon Jun 15 2026 19:35:43 GMT+0300 (heure normale de Moscou)","service":"database","timestamp":"2026-06-15T16:35:43.177Z"}
{"level":"warn","message":"Firebase non configuré — variables manquantes : FIREBASE_PROJECT_ID, FIREBASE_CLIENT_EMAIL, FIREBASE_PRIVATE_KEY. Les notifications push seront désactivées.","service":"firebase","timestamp":"2026-06-15T16:35:43.178Z"}
{"level":"info","message":"✓ Serveur démarré sur http://localhost:3000","service":"server","timestamp":"2026-06-15T16:35:43.180Z"}
{"level":"info","message":"✓ Swagger disponible sur http://localhost:3000/api/docs","service":"server","timestamp":"2026-06-15T16:35:43.181Z"}
{"level":"info","message":"✓ Environnement : development","service":"server","timestamp":"2026-06-15T16:35:43.181Z"}
