{"level":"info","message":"Nouvelle connexion PostgreSQL établie","service":"database","timestamp":"2026-06-27T06:32:32.041Z"}
{"level":"info","message":"Utilisateur connecté","role":"LIVREUR","service":"authService","timestamp":"2026-06-27T06:32:32.569Z","userId":"70f14123-7cb5-4fc3-a063-27a39d783148"}
{"level":"info","message":"Nouvelle connexion PostgreSQL établie","service":"database","timestamp":"2026-06-27T06:36:49.610Z"}
{"level":"info","message":"Utilisateur déconnecté","service":"authService","timestamp":"2026-06-27T06:36:49.620Z","userId":"70f14123-7cb5-4fc3-a063-27a39d783148"}
{"level":"info","message":"Utilisateur connecté","role":"LIVREUR","service":"authService","timestamp":"2026-06-27T06:37:02.062Z","userId":"70f14123-7cb5-4fc3-a063-27a39d783148"}
{"level":"info","livraisonId":"ac247823-c103-44da-8403-268122dd36ed","livreurId":"70f14123-7cb5-4fc3-a063-27a39d783148","message":"Livraison acceptée","service":"livraisonsService","timestamp":"2026-06-27T06:37:09.923Z"}
{"level":"info","message":"Nouvelle connexion PostgreSQL établie","service":"database","timestamp":"2026-06-27T06:53:29.818Z"}
{"level":"info","message":"Utilisateur connecté","role":"LIVREUR","service":"authService","timestamp":"2026-06-27T06:53:30.323Z","userId":"70f14123-7cb5-4fc3-a063-27a39d783148"}
{"level":"info","message":"Nouvelle connexion PostgreSQL établie","service":"database","timestamp":"2026-06-27T06:54:26.510Z"}
{"level":"info","message":"Utilisateur déconnecté","service":"authService","timestamp":"2026-06-27T06:54:26.522Z","userId":"70f14123-7cb5-4fc3-a063-27a39d783148"}
{"level":"info","message":"Nouvelle connexion PostgreSQL établie","service":"database","timestamp":"2026-06-27T07:02:54.277Z"}
{"level":"info","message":"Utilisateur connecté","role":"LIVREUR","service":"authService","timestamp":"2026-06-27T07:02:54.641Z","userId":"70f14123-7cb5-4fc3-a063-27a39d783148"}
{"level":"info","message":"Nouvelle connexion PostgreSQL établie","service":"database","timestamp":"2026-06-27T07:13:54.390Z"}
{"level":"info","message":"Utilisateur déconnecté","service":"authService","timestamp":"2026-06-27T07:13:54.404Z","userId":"70f14123-7cb5-4fc3-a063-27a39d783148"}
{"level":"info","message":"Nouvelle connexion PostgreSQL établie","service":"database","timestamp":"2026-06-27T07:38:00.066Z"}
{"level":"info","message":"Utilisateur connecté","role":"LIVREUR","service":"authService","timestamp":"2026-06-27T07:38:00.765Z","userId":"70f14123-7cb5-4fc3-a063-27a39d783148"}
{"level":"info","message":"Nouvelle connexion PostgreSQL établie","service":"database","timestamp":"2026-06-27T07:43:53.588Z"}
{"level":"info","message":"Utilisateur connecté","role":"LIVREUR","service":"authService","timestamp":"2026-06-27T07:43:54.178Z","userId":"70f14123-7cb5-4fc3-a063-27a39d783148"}
{"level":"info","message":"Nouvelle connexion PostgreSQL établie","service":"database","timestamp":"2026-06-27T07:50:19.866Z"}
{"level":"info","message":"Utilisateur connecté","role":"LIVREUR","service":"authService","timestamp":"2026-06-27T07:50:20.472Z","userId":"70f14123-7cb5-4fc3-a063-27a39d783148"}
{"level":"info","message":"Nouvelle connexion PostgreSQL établie","service":"database","timestamp":"2026-06-27T07:56:40.739Z"}
{"level":"info","message":"Utilisateur déconnecté","service":"authService","timestamp":"2026-06-27T07:56:40.752Z","userId":"70f14123-7cb5-4fc3-a063-27a39d783148"}
{"level":"info","message":"Nouvelle connexion PostgreSQL établie","service":"database","timestamp":"2026-06-27T08:22:32.819Z"}
{"level":"info","message":"Utilisateur connecté","role":"ADMIN","service":"authService","timestamp":"2026-06-27T08:22:33.419Z","userId":"ad7ed2f9-25f9-475c-85f9-968af1470dff"}
{"level":"info","message":"Nouvelle connexion PostgreSQL établie","service":"database","timestamp":"2026-06-27T08:28:08.565Z"}
{"level":"info","message":"Utilisateur connecté","role":"ADMIN","service":"authService","timestamp":"2026-06-27T08:28:09.139Z","userId":"ad7ed2f9-25f9-475c-85f9-968af1470dff"}
{"level":"error","message":"Erreur serveur inattendue Cannot set property query of #<IncomingMessage> which has only a getter","method":"GET","service":"errorHandler","stack":"TypeError: Cannot set property query of #<IncomingMessage> which has only a getter\n    at file:///D:/Bosses/DAII%20L3/Projets/Projet_flutter/expressdeliv/backend/src/features/users/users.routes.js:38:13\n    at Layer.handleRequest (D:\\Bosses\\DAII L3\\Projets\\Projet_flutter\\expressdeliv\\backend\\node_modules\\router\\lib\\layer.js:152:17)\n    at next (D:\\Bosses\\DAII L3\\Projets\\Projet_flutter\\expressdeliv\\backend\\node_modules\\router\\lib\\route.js:157:13)\n    at file:///D:/Bosses/DAII%20L3/Projets/Projet_flutter/expressdeliv/backend/src/middlewares/rbac.middleware.js:53:5\n    at Layer.handleRequest (D:\\Bosses\\DAII L3\\Projets\\Projet_flutter\\expressdeliv\\backend\\node_modules\\router\\lib\\layer.js:152:17)\n    at next (D:\\Bosses\\DAII L3\\Projets\\Projet_flutter\\expressdeliv\\backend\\node_modules\\router\\lib\\route.js:157:13)\n    at authenticate (file:///D:/Bosses/DAII%20L3/Projets/Projet_flutter/expressdeliv/backend/src/middlewares/auth.middleware.js:39:5)\n    at Layer.handleRequest (D:\\Bosses\\DAII L3\\Projets\\Projet_flutter\\expressdeliv\\backend\\node_modules\\router\\lib\\layer.js:152:17)\n    at next (D:\\Bosses\\DAII L3\\Projets\\Projet_flutter\\expressdeliv\\backend\\node_modules\\router\\lib\\route.js:157:13)\n    at Route.dispatch (D:\\Bosses\\DAII L3\\Projets\\Projet_flutter\\expressdeliv\\backend\\node_modules\\router\\lib\\route.js:117:3)","timestamp":"2026-06-27T08:28:09.763Z","url":"/api/v1/users","userId":"ad7ed2f9-25f9-475c-85f9-968af1470dff"}
{"level":"error","message":"Erreur serveur inattendue Cannot set property query of #<IncomingMessage> which has only a getter","method":"GET","service":"errorHandler","stack":"TypeError: Cannot set property query of #<IncomingMessage> which has only a getter\n    at file:///D:/Bosses/DAII%20L3/Projets/Projet_flutter/expressdeliv/backend/src/features/users/users.routes.js:38:13\n    at Layer.handleRequest (D:\\Bosses\\DAII L3\\Projets\\Projet_flutter\\expressdeliv\\backend\\node_modules\\router\\lib\\layer.js:152:17)\n    at next (D:\\Bosses\\DAII L3\\Projets\\Projet_flutter\\expressdeliv\\backend\\node_modules\\router\\lib\\route.js:157:13)\n    at file:///D:/Bosses/DAII%20L3/Projets/Projet_flutter/expressdeliv/backend/src/middlewares/rbac.middleware.js:53:5\n    at Layer.handleRequest (D:\\Bosses\\DAII L3\\Projets\\Projet_flutter\\expressdeliv\\backend\\node_modules\\router\\lib\\layer.js:152:17)\n    at next (D:\\Bosses\\DAII L3\\Projets\\Projet_flutter\\expressdeliv\\backend\\node_modules\\router\\lib\\route.js:157:13)\n    at authenticate (file:///D:/Bosses/DAII%20L3/Projets/Projet_flutter/expressdeliv/backend/src/middlewares/auth.middleware.js:39:5)\n    at Layer.handleRequest (D:\\Bosses\\DAII L3\\Projets\\Projet_flutter\\expressdeliv\\backend\\node_modules\\router\\lib\\layer.js:152:17)\n    at next (D:\\Bosses\\DAII L3\\Projets\\Projet_flutter\\expressdeliv\\backend\\node_modules\\router\\lib\\route.js:157:13)\n    at Route.dispatch (D:\\Bosses\\DAII L3\\Projets\\Projet_flutter\\expressdeliv\\backend\\node_modules\\router\\lib\\route.js:117:3)","timestamp":"2026-06-27T08:28:10.978Z","url":"/api/v1/users","userId":"ad7ed2f9-25f9-475c-85f9-968af1470dff"}
{"level":"error","message":"Erreur serveur inattendue Cannot set property query of #<IncomingMessage> which has only a getter","method":"GET","service":"errorHandler","stack":"TypeError: Cannot set property query of #<IncomingMessage> which has only a getter\n    at file:///D:/Bosses/DAII%20L3/Projets/Projet_flutter/expressdeliv/backend/src/features/users/users.routes.js:38:13\n    at Layer.handleRequest (D:\\Bosses\\DAII L3\\Projets\\Projet_flutter\\expressdeliv\\backend\\node_modules\\router\\lib\\layer.js:152:17)\n    at next (D:\\Bosses\\DAII L3\\Projets\\Projet_flutter\\expressdeliv\\backend\\node_modules\\router\\lib\\route.js:157:13)\n    at file:///D:/Bosses/DAII%20L3/Projets/Projet_flutter/expressdeliv/backend/src/middlewares/rbac.middleware.js:53:5\n    at Layer.handleRequest (D:\\Bosses\\DAII L3\\Projets\\Projet_flutter\\expressdeliv\\backend\\node_modules\\router\\lib\\layer.js:152:17)\n    at next (D:\\Bosses\\DAII L3\\Projets\\Projet_flutter\\expressdeliv\\backend\\node_modules\\router\\lib\\route.js:157:13)\n    at authenticate (file:///D:/Bosses/DAII%20L3/Projets/Projet_flutter/expressdeliv/backend/src/middlewares/auth.middleware.js:39:5)\n    at Layer.handleRequest (D:\\Bosses\\DAII L3\\Projets\\Projet_flutter\\expressdeliv\\backend\\node_modules\\router\\lib\\layer.js:152:17)\n    at next (D:\\Bosses\\DAII L3\\Projets\\Projet_flutter\\expressdeliv\\backend\\node_modules\\router\\lib\\route.js:157:13)\n    at Route.dispatch (D:\\Bosses\\DAII L3\\Projets\\Projet_flutter\\expressdeliv\\backend\\node_modules\\router\\lib\\route.js:117:3)","timestamp":"2026-06-27T08:28:13.240Z","url":"/api/v1/users","userId":"ad7ed2f9-25f9-475c-85f9-968af1470dff"}
{"level":"info","message":"Nouvelle connexion PostgreSQL établie","service":"database","timestamp":"2026-06-27T08:29:01.905Z"}
{"level":"info","message":"Utilisateur déconnecté","service":"authService","timestamp":"2026-06-27T08:29:02.028Z","userId":"ad7ed2f9-25f9-475c-85f9-968af1470dff"}
{"level":"info","message":"Utilisateur connecté","role":"ADMIN","service":"authService","timestamp":"2026-06-27T08:29:13.935Z","userId":"ad7ed2f9-25f9-475c-85f9-968af1470dff"}
{"level":"error","message":"Erreur serveur inattendue Cannot set property query of #<IncomingMessage> which has only a getter","method":"GET","service":"errorHandler","stack":"TypeError: Cannot set property query of #<IncomingMessage> which has only a getter\n    at file:///D:/Bosses/DAII%20L3/Projets/Projet_flutter/expressdeliv/backend/src/features/users/users.routes.js:38:13\n    at Layer.handleRequest (D:\\Bosses\\DAII L3\\Projets\\Projet_flutter\\expressdeliv\\backend\\node_modules\\router\\lib\\layer.js:152:17)\n    at next (D:\\Bosses\\DAII L3\\Projets\\Projet_flutter\\expressdeliv\\backend\\node_modules\\router\\lib\\route.js:157:13)\n    at file:///D:/Bosses/DAII%20L3/Projets/Projet_flutter/expressdeliv/backend/src/middlewares/rbac.middleware.js:53:5\n    at Layer.handleRequest (D:\\Bosses\\DAII L3\\Projets\\Projet_flutter\\expressdeliv\\backend\\node_modules\\router\\lib\\layer.js:152:17)\n    at next (D:\\Bosses\\DAII L3\\Projets\\Projet_flutter\\expressdeliv\\backend\\node_modules\\router\\lib\\route.js:157:13)\n    at authenticate (file:///D:/Bosses/DAII%20L3/Projets/Projet_flutter/expressdeliv/backend/src/middlewares/auth.middleware.js:39:5)\n    at Layer.handleRequest (D:\\Bosses\\DAII L3\\Projets\\Projet_flutter\\expressdeliv\\backend\\node_modules\\router\\lib\\layer.js:152:17)\n    at next (D:\\Bosses\\DAII L3\\Projets\\Projet_flutter\\expressdeliv\\backend\\node_modules\\router\\lib\\route.js:157:13)\n    at Route.dispatch (D:\\Bosses\\DAII L3\\Projets\\Projet_flutter\\expressdeliv\\backend\\node_modules\\router\\lib\\route.js:117:3)","timestamp":"2026-06-27T08:29:14.522Z","url":"/api/v1/users","userId":"ad7ed2f9-25f9-475c-85f9-968af1470dff"}
{"level":"error","message":"Erreur serveur inattendue Cannot set property query of #<IncomingMessage> which has only a getter","method":"GET","service":"errorHandler","stack":"TypeError: Cannot set property query of #<IncomingMessage> which has only a getter\n    at file:///D:/Bosses/DAII%20L3/Projets/Projet_flutter/expressdeliv/backend/src/features/users/users.routes.js:38:13\n    at Layer.handleRequest (D:\\Bosses\\DAII L3\\Projets\\Projet_flutter\\expressdeliv\\backend\\node_modules\\router\\lib\\layer.js:152:17)\n    at next (D:\\Bosses\\DAII L3\\Projets\\Projet_flutter\\expressdeliv\\backend\\node_modules\\router\\lib\\route.js:157:13)\n    at file:///D:/Bosses/DAII%20L3/Projets/Projet_flutter/expressdeliv/backend/src/middlewares/rbac.middleware.js:53:5\n    at Layer.handleRequest (D:\\Bosses\\DAII L3\\Projets\\Projet_flutter\\expressdeliv\\backend\\node_modules\\router\\lib\\layer.js:152:17)\n    at next (D:\\Bosses\\DAII L3\\Projets\\Projet_flutter\\expressdeliv\\backend\\node_modules\\router\\lib\\route.js:157:13)\n    at authenticate (file:///D:/Bosses/DAII%20L3/Projets/Projet_flutter/expressdeliv/backend/src/middlewares/auth.middleware.js:39:5)\n    at Layer.handleRequest (D:\\Bosses\\DAII L3\\Projets\\Projet_flutter\\expressdeliv\\backend\\node_modules\\router\\lib\\layer.js:152:17)\n    at next (D:\\Bosses\\DAII L3\\Projets\\Projet_flutter\\expressdeliv\\backend\\node_modules\\router\\lib\\route.js:157:13)\n    at Route.dispatch (D:\\Bosses\\DAII L3\\Projets\\Projet_flutter\\expressdeliv\\backend\\node_modules\\router\\lib\\route.js:117:3)","timestamp":"2026-06-27T08:29:15.646Z","url":"/api/v1/users","userId":"ad7ed2f9-25f9-475c-85f9-968af1470dff"}
{"level":"error","message":"Erreur serveur inattendue Cannot set property query of #<IncomingMessage> which has only a getter","method":"GET","service":"errorHandler","stack":"TypeError: Cannot set property query of #<IncomingMessage> which has only a getter\n    at file:///D:/Bosses/DAII%20L3/Projets/Projet_flutter/expressdeliv/backend/src/features/users/users.routes.js:38:13\n    at Layer.handleRequest (D:\\Bosses\\DAII L3\\Projets\\Projet_flutter\\expressdeliv\\backend\\node_modules\\router\\lib\\layer.js:152:17)\n    at next (D:\\Bosses\\DAII L3\\Projets\\Projet_flutter\\expressdeliv\\backend\\node_modules\\router\\lib\\route.js:157:13)\n    at file:///D:/Bosses/DAII%20L3/Projets/Projet_flutter/expressdeliv/backend/src/middlewares/rbac.middleware.js:53:5\n    at Layer.handleRequest (D:\\Bosses\\DAII L3\\Projets\\Projet_flutter\\expressdeliv\\backend\\node_modules\\router\\lib\\layer.js:152:17)\n    at next (D:\\Bosses\\DAII L3\\Projets\\Projet_flutter\\expressdeliv\\backend\\node_modules\\router\\lib\\route.js:157:13)\n    at authenticate (file:///D:/Bosses/DAII%20L3/Projets/Projet_flutter/expressdeliv/backend/src/middlewares/auth.middleware.js:39:5)\n    at Layer.handleRequest (D:\\Bosses\\DAII L3\\Projets\\Projet_flutter\\expressdeliv\\backend\\node_modules\\router\\lib\\layer.js:152:17)\n    at next (D:\\Bosses\\DAII L3\\Projets\\Projet_flutter\\expressdeliv\\backend\\node_modules\\router\\lib\\route.js:157:13)\n    at Route.dispatch (D:\\Bosses\\DAII L3\\Projets\\Projet_flutter\\expressdeliv\\backend\\node_modules\\router\\lib\\route.js:117:3)","timestamp":"2026-06-27T08:29:17.819Z","url":"/api/v1/users","userId":"ad7ed2f9-25f9-475c-85f9-968af1470dff"}
{"level":"info","message":"Nouvelle connexion PostgreSQL établie","service":"database","timestamp":"2026-06-27T08:33:48.241Z"}
{"level":"error","message":"Erreur serveur inattendue Cannot set property query of #<IncomingMessage> which has only a getter","method":"GET","service":"errorHandler","stack":"TypeError: Cannot set property query of #<IncomingMessage> which has only a getter\n    at file:///D:/Bosses/DAII%20L3/Projets/Projet_flutter/expressdeliv/backend/src/features/users/users.routes.js:38:13\n    at Layer.handleRequest (D:\\Bosses\\DAII L3\\Projets\\Projet_flutter\\expressdeliv\\backend\\node_modules\\router\\lib\\layer.js:152:17)\n    at next (D:\\Bosses\\DAII L3\\Projets\\Projet_flutter\\expressdeliv\\backend\\node_modules\\router\\lib\\route.js:157:13)\n    at file:///D:/Bosses/DAII%20L3/Projets/Projet_flutter/expressdeliv/backend/src/middlewares/rbac.middleware.js:53:5\n    at Layer.handleRequest (D:\\Bosses\\DAII L3\\Projets\\Projet_flutter\\expressdeliv\\backend\\node_modules\\router\\lib\\layer.js:152:17)\n    at next (D:\\Bosses\\DAII L3\\Projets\\Projet_flutter\\expressdeliv\\backend\\node_modules\\router\\lib\\route.js:157:13)\n    at authenticate (file:///D:/Bosses/DAII%20L3/Projets/Projet_flutter/expressdeliv/backend/src/middlewares/auth.middleware.js:39:5)\n    at Layer.handleRequest (D:\\Bosses\\DAII L3\\Projets\\Projet_flutter\\expressdeliv\\backend\\node_modules\\router\\lib\\layer.js:152:17)\n    at next (D:\\Bosses\\DAII L3\\Projets\\Projet_flutter\\expressdeliv\\backend\\node_modules\\router\\lib\\route.js:157:13)\n    at Route.dispatch (D:\\Bosses\\DAII L3\\Projets\\Projet_flutter\\expressdeliv\\backend\\node_modules\\router\\lib\\route.js:117:3)","timestamp":"2026-06-27T08:34:11.003Z","url":"/api/v1/users","userId":"ad7ed2f9-25f9-475c-85f9-968af1470dff"}
{"level":"info","message":"Socket.io initialisé","service":"socket","timestamp":"2026-06-27T08:37:54.994Z"}
{"level":"info","message":"Nouvelle connexion PostgreSQL établie","service":"database","timestamp":"2026-06-27T08:37:55.066Z"}
{"level":"info","message":"PostgreSQL connecté — serveur: Sat Jun 27 2026 11:37:55 GMT+0300 (heure normale de Moscou)","service":"database","timestamp":"2026-06-27T08:37:55.070Z"}
{"level":"warn","message":"Firebase non configuré — variables manquantes : FIREBASE_PROJECT_ID, FIREBASE_CLIENT_EMAIL, FIREBASE_PRIVATE_KEY. Les notifications push seront désactivées.","service":"firebase","timestamp":"2026-06-27T08:37:55.072Z"}
{"level":"info","message":"✓ Serveur démarré sur http://localhost:3000","service":"server","timestamp":"2026-06-27T08:37:55.074Z"}
{"level":"info","message":"✓ Swagger disponible sur http://localhost:3000/api/docs","service":"server","timestamp":"2026-06-27T08:37:55.075Z"}
{"level":"info","message":"✓ Environnement : development","service":"server","timestamp":"2026-06-27T08:37:55.076Z"}
{"level":"info","message":"Socket.io initialisé","service":"socket","timestamp":"2026-06-27T08:38:51.980Z"}
{"level":"info","message":"Nouvelle connexion PostgreSQL établie","service":"database","timestamp":"2026-06-27T08:38:52.044Z"}
{"level":"info","message":"PostgreSQL connecté — serveur: Sat Jun 27 2026 11:38:52 GMT+0300 (heure normale de Moscou)","service":"database","timestamp":"2026-06-27T08:38:52.048Z"}
{"level":"warn","message":"Firebase non configuré — variables manquantes : FIREBASE_PROJECT_ID, FIREBASE_CLIENT_EMAIL, FIREBASE_PRIVATE_KEY. Les notifications push seront désactivées.","service":"firebase","timestamp":"2026-06-27T08:38:52.049Z"}
{"level":"info","message":"✓ Serveur démarré sur http://localhost:3000","service":"server","timestamp":"2026-06-27T08:38:52.051Z"}
{"level":"info","message":"✓ Swagger disponible sur http://localhost:3000/api/docs","service":"server","timestamp":"2026-06-27T08:38:52.052Z"}
{"level":"info","message":"✓ Environnement : development","service":"server","timestamp":"2026-06-27T08:38:52.052Z"}
{"level":"info","message":"Nouvelle connexion PostgreSQL établie","service":"database","timestamp":"2026-06-27T08:46:41.772Z"}
{"level":"info","message":"Utilisateur connecté","role":"ADMIN","service":"authService","timestamp":"2026-06-27T08:46:42.339Z","userId":"ad7ed2f9-25f9-475c-85f9-968af1470dff"}
{"level":"info","message":"Signal SIGINT reçu — arrêt propre du serveur","service":"server","timestamp":"2026-06-27T11:16:11.981Z"}
{"level":"info","message":"Socket.io initialisé","service":"socket","timestamp":"2026-06-27T11:16:19.718Z"}
{"level":"info","message":"Nouvelle connexion PostgreSQL établie","service":"database","timestamp":"2026-06-27T11:16:19.804Z"}
{"level":"info","message":"PostgreSQL connecté — serveur: Sat Jun 27 2026 14:16:19 GMT+0300 (heure normale de Moscou)","service":"database","timestamp":"2026-06-27T11:16:19.810Z"}
{"level":"warn","message":"Firebase non configuré — variables manquantes : FIREBASE_PROJECT_ID, FIREBASE_CLIENT_EMAIL, FIREBASE_PRIVATE_KEY. Les notifications push seront désactivées.","service":"firebase","timestamp":"2026-06-27T11:16:19.813Z"}
{"level":"info","message":"✓ Serveur démarré sur http://localhost:3000","service":"server","timestamp":"2026-06-27T11:16:19.819Z"}
{"level":"info","message":"✓ Swagger disponible sur http://localhost:3000/api/docs","service":"server","timestamp":"2026-06-27T11:16:19.821Z"}
{"level":"info","message":"✓ Environnement : development","service":"server","timestamp":"2026-06-27T11:16:19.823Z"}
{"level":"info","message":"Nouvelle connexion PostgreSQL établie","service":"database","timestamp":"2026-06-27T11:17:49.795Z"}
{"level":"info","message":"Utilisateur connecté","role":"ADMIN","service":"authService","timestamp":"2026-06-27T11:18:10.371Z","userId":"ad7ed2f9-25f9-475c-85f9-968af1470dff"}
{"level":"info","message":"Nouvelle connexion PostgreSQL établie","service":"database","timestamp":"2026-06-27T11:19:12.636Z"}
{"level":"info","message":"Nouvelle connexion PostgreSQL établie","service":"database","timestamp":"2026-06-27T11:22:30.788Z"}
{"level":"info","message":"Utilisateur connecté","role":"ADMIN","service":"authService","timestamp":"2026-06-27T11:22:31.461Z","userId":"ad7ed2f9-25f9-475c-85f9-968af1470dff"}
{"level":"info","message":"Nouvelle connexion PostgreSQL établie","service":"database","timestamp":"2026-06-27T14:01:52.092Z"}
{"level":"info","message":"Utilisateur connecté","role":"ADMIN","service":"authService","timestamp":"2026-06-27T14:01:53.056Z","userId":"ad7ed2f9-25f9-475c-85f9-968af1470dff"}
{"level":"info","message":"Nouvelle connexion PostgreSQL établie","service":"database","timestamp":"2026-06-27T14:01:53.984Z"}
{"level":"info","message":"Nouvelle connexion PostgreSQL établie","service":"database","timestamp":"2026-06-27T14:16:23.032Z"}
{"level":"info","message":"Utilisateur connecté","role":"ADMIN","service":"authService","timestamp":"2026-06-27T14:16:23.539Z","userId":"ad7ed2f9-25f9-475c-85f9-968af1470dff"}
{"level":"info","message":"Nouvelle connexion PostgreSQL établie","service":"database","timestamp":"2026-06-27T14:16:24.077Z"}
{"level":"info","message":"Nouvelle connexion PostgreSQL établie","service":"database","timestamp":"2026-06-27T14:18:55.184Z"}
{"level":"info","message":"Utilisateur connecté","role":"ADMIN","service":"authService","timestamp":"2026-06-27T14:18:55.752Z","userId":"ad7ed2f9-25f9-475c-85f9-968af1470dff"}
{"level":"info","message":"Nouvelle connexion PostgreSQL établie","service":"database","timestamp":"2026-06-27T14:27:33.300Z"}
{"level":"info","message":"Utilisateur connecté","role":"ADMIN","service":"authService","timestamp":"2026-06-27T14:27:33.807Z","userId":"ad7ed2f9-25f9-475c-85f9-968af1470dff"}
{"level":"info","message":"Nouvelle connexion PostgreSQL établie","service":"database","timestamp":"2026-06-27T14:35:28.222Z"}
{"level":"info","message":"Utilisateur connecté","role":"ADMIN","service":"authService","timestamp":"2026-06-27T14:35:28.708Z","userId":"ad7ed2f9-25f9-475c-85f9-968af1470dff"}
{"level":"info","message":"Nouvelle connexion PostgreSQL établie","service":"database","timestamp":"2026-06-27T14:35:29.600Z"}
{"level":"info","message":"Nouvelle connexion PostgreSQL établie","service":"database","timestamp":"2026-06-27T14:39:21.990Z"}
{"level":"info","message":"Utilisateur connecté","role":"ADMIN","service":"authService","timestamp":"2026-06-27T14:39:22.576Z","userId":"ad7ed2f9-25f9-475c-85f9-968af1470dff"}
{"level":"info","message":"Nouvelle connexion PostgreSQL établie","service":"database","timestamp":"2026-06-27T14:50:09.690Z"}
{"level":"info","message":"Utilisateur connecté","role":"ADMIN","service":"authService","timestamp":"2026-06-27T14:50:10.131Z","userId":"ad7ed2f9-25f9-475c-85f9-968af1470dff"}
{"level":"info","message":"Nouvelle connexion PostgreSQL établie","service":"database","timestamp":"2026-06-27T14:55:56.113Z"}
{"level":"info","message":"Utilisateur connecté","role":"ADMIN","service":"authService","timestamp":"2026-06-27T14:55:56.577Z","userId":"ad7ed2f9-25f9-475c-85f9-968af1470dff"}
{"level":"info","message":"Nouvelle connexion PostgreSQL établie","service":"database","timestamp":"2026-06-27T15:02:39.611Z"}
{"level":"info","message":"Utilisateur connecté","role":"ADMIN","service":"authService","timestamp":"2026-06-27T15:02:40.134Z","userId":"ad7ed2f9-25f9-475c-85f9-968af1470dff"}
{"level":"info","message":"Nouvelle connexion PostgreSQL établie","service":"database","timestamp":"2026-06-27T15:02:40.837Z"}
{"level":"info","message":"Nouvelle connexion PostgreSQL établie","service":"database","timestamp":"2026-06-27T15:08:22.581Z"}
{"code":"FORBIDDEN","level":"warn","message":"Erreur métier Vous ne pouvez pas modifier votre propre statut","method":"PATCH","service":"errorHandler","timestamp":"2026-06-27T15:08:22.588Z","url":"/api/v1/users/ad7ed2f9-25f9-475c-85f9-968af1470dff/statut"}
{"level":"info","message":"Nouvelle connexion PostgreSQL établie","service":"database","timestamp":"2026-06-27T15:10:18.058Z"}
{"adminId":"ad7ed2f9-25f9-475c-85f9-968af1470dff","level":"info","message":"Statut utilisateur modifié","newStatut":"INACTIF","oldStatut":"ACTIF","service":"usersService","targetId":"ddc306d3-b322-4996-b1de-799df608d10a","timestamp":"2026-06-27T15:10:18.077Z"}
{"level":"info","message":"Nouvelle connexion PostgreSQL établie","service":"database","timestamp":"2026-06-27T15:13:55.887Z"}
{"level":"info","message":"Utilisateur connecté","role":"ADMIN","service":"authService","timestamp":"2026-06-27T15:13:56.340Z","userId":"ad7ed2f9-25f9-475c-85f9-968af1470dff"}
{"level":"info","message":"Nouvelle connexion PostgreSQL établie","service":"database","timestamp":"2026-06-27T15:13:56.950Z"}
{"level":"info","message":"Nouvelle connexion PostgreSQL établie","service":"database","timestamp":"2026-06-27T15:19:33.516Z"}
{"level":"info","message":"Utilisateur connecté","role":"ADMIN","service":"authService","timestamp":"2026-06-27T15:19:33.899Z","userId":"ad7ed2f9-25f9-475c-85f9-968af1470dff"}
{"level":"info","message":"Nouvelle connexion PostgreSQL établie","service":"database","timestamp":"2026-06-27T15:23:04.346Z"}
{"level":"info","message":"Utilisateur connecté","role":"ADMIN","service":"authService","timestamp":"2026-06-27T15:23:04.817Z","userId":"ad7ed2f9-25f9-475c-85f9-968af1470dff"}
{"level":"info","message":"Nouvelle connexion PostgreSQL établie","service":"database","timestamp":"2026-06-27T15:30:28.271Z"}
{"level":"info","message":"Utilisateur connecté","role":"ADMIN","service":"authService","timestamp":"2026-06-27T15:30:28.743Z","userId":"ad7ed2f9-25f9-475c-85f9-968af1470dff"}
{"level":"info","message":"Nouvelle connexion PostgreSQL établie","service":"database","timestamp":"2026-06-27T15:37:28.709Z"}
{"level":"info","message":"Utilisateur connecté","role":"ADMIN","service":"authService","timestamp":"2026-06-27T15:37:29.251Z","userId":"ad7ed2f9-25f9-475c-85f9-968af1470dff"}
{"level":"info","message":"Nouvelle connexion PostgreSQL établie","service":"database","timestamp":"2026-06-27T15:43:28.463Z"}
{"level":"info","message":"Utilisateur connecté","role":"ADMIN","service":"authService","timestamp":"2026-06-27T15:43:28.926Z","userId":"ad7ed2f9-25f9-475c-85f9-968af1470dff"}
{"level":"info","message":"Nouvelle connexion PostgreSQL établie","service":"database","timestamp":"2026-06-27T15:43:29.549Z"}
{"level":"info","message":"Nouvelle connexion PostgreSQL établie","service":"database","timestamp":"2026-06-27T15:46:43.318Z"}
{"level":"info","message":"Utilisateur connecté","role":"ADMIN","service":"authService","timestamp":"2026-06-27T15:46:43.714Z","userId":"ad7ed2f9-25f9-475c-85f9-968af1470dff"}
{"level":"info","message":"Nouvelle connexion PostgreSQL établie","service":"database","timestamp":"2026-06-27T15:46:44.382Z"}
{"level":"info","message":"Nouvelle connexion PostgreSQL établie","service":"database","timestamp":"2026-06-27T15:51:05.984Z"}
{"level":"info","message":"Utilisateur connecté","role":"ADMIN","service":"authService","timestamp":"2026-06-27T15:51:06.469Z","userId":"ad7ed2f9-25f9-475c-85f9-968af1470dff"}
{"level":"info","message":"Nouvelle connexion PostgreSQL établie","service":"database","timestamp":"2026-06-27T15:54:18.422Z"}
{"code":"UNAUTHORIZED","level":"warn","message":"Erreur métier Email ou mot de passe incorrect","method":"POST","service":"errorHandler","timestamp":"2026-06-27T15:54:18.429Z","url":"/api/v1/auth/login"}
{"level":"info","message":"Utilisateur connecté","role":"ADMIN","service":"authService","timestamp":"2026-06-27T15:54:36.238Z","userId":"ad7ed2f9-25f9-475c-85f9-968af1470dff"}
{"level":"info","message":"Nouvelle connexion PostgreSQL établie","service":"database","timestamp":"2026-06-27T15:58:19.567Z"}
{"level":"info","message":"Utilisateur connecté","role":"ADMIN","service":"authService","timestamp":"2026-06-27T15:58:19.937Z","userId":"ad7ed2f9-25f9-475c-85f9-968af1470dff"}
{"level":"info","message":"Nouvelle connexion PostgreSQL établie","service":"database","timestamp":"2026-06-27T15:58:20.714Z"}
{"adminId":"ad7ed2f9-25f9-475c-85f9-968af1470dff","level":"info","message":"Statut utilisateur modifié","newStatut":"INACTIF","oldStatut":"ACTIF","service":"usersService","targetId":"4fdcb1b9-0aa3-45f9-9119-bf8895b4a0c2","timestamp":"2026-06-27T15:58:29.625Z"}
{"adminId":"ad7ed2f9-25f9-475c-85f9-968af1470dff","level":"info","message":"Statut utilisateur modifié","newStatut":"ACTIF","oldStatut":"INACTIF","service":"usersService","targetId":"4fdcb1b9-0aa3-45f9-9119-bf8895b4a0c2","timestamp":"2026-06-27T15:58:50.440Z"}
{"adminId":"ad7ed2f9-25f9-475c-85f9-968af1470dff","level":"info","message":"Statut utilisateur modifié","newStatut":"ACTIF","oldStatut":"INACTIF","service":"usersService","targetId":"ddc306d3-b322-4996-b1de-799df608d10a","timestamp":"2026-06-27T15:59:13.300Z"}
{"level":"info","message":"Nouvelle connexion PostgreSQL établie","service":"database","timestamp":"2026-06-27T16:16:22.759Z"}
{"level":"info","message":"Utilisateur connecté","role":"ADMIN","service":"authService","timestamp":"2026-06-27T16:16:23.204Z","userId":"ad7ed2f9-25f9-475c-85f9-968af1470dff"}
{"level":"info","message":"Nouvelle connexion PostgreSQL établie","service":"database","timestamp":"2026-06-27T16:22:04.481Z"}
{"level":"info","message":"Utilisateur connecté","role":"ADMIN","service":"authService","timestamp":"2026-06-27T16:22:04.850Z","userId":"ad7ed2f9-25f9-475c-85f9-968af1470dff"}
{"level":"info","message":"Nouvelle connexion PostgreSQL établie","service":"database","timestamp":"2026-06-27T16:22:05.478Z"}
{"level":"info","message":"Nouvelle connexion PostgreSQL établie","service":"database","timestamp":"2026-06-27T16:22:05.487Z"}
{"level":"info","message":"Nouvelle connexion PostgreSQL établie","service":"database","timestamp":"2026-06-27T16:22:39.160Z"}
{"level":"info","message":"Nouvelle connexion PostgreSQL établie","service":"database","timestamp":"2026-06-27T16:28:13.919Z"}
{"level":"info","message":"Utilisateur connecté","role":"ADMIN","service":"authService","timestamp":"2026-06-27T16:28:14.352Z","userId":"ad7ed2f9-25f9-475c-85f9-968af1470dff"}
{"level":"info","message":"Nouvelle connexion PostgreSQL établie","service":"database","timestamp":"2026-06-27T16:28:15.018Z"}
{"level":"info","message":"Nouvelle connexion PostgreSQL établie","service":"database","timestamp":"2026-06-27T16:29:10.880Z"}
{"level":"info","message":"Nouvelle connexion PostgreSQL établie","service":"database","timestamp":"2026-06-27T16:46:53.940Z"}
{"level":"info","message":"Utilisateur connecté","role":"ADMIN","service":"authService","timestamp":"2026-06-27T16:46:54.408Z","userId":"ad7ed2f9-25f9-475c-85f9-968af1470dff"}
{"level":"info","message":"Nouvelle connexion PostgreSQL établie","service":"database","timestamp":"2026-06-27T16:48:11.538Z"}
{"level":"info","message":"Nouvelle connexion PostgreSQL établie","service":"database","timestamp":"2026-06-27T16:53:21.745Z"}
{"level":"info","message":"Utilisateur connecté","role":"ADMIN","service":"authService","timestamp":"2026-06-27T16:53:22.114Z","userId":"ad7ed2f9-25f9-475c-85f9-968af1470dff"}
{"level":"info","message":"Nouvelle connexion PostgreSQL établie","service":"database","timestamp":"2026-06-27T16:53:22.667Z"}
{"commandeId":"a47900e5-1094-44d4-9469-95aa5489a4c5","level":"info","livraisonId":"bd75e015-7b14-47cc-b639-6d88055f50a7","livreurId":"70f14123-7cb5-4fc3-a063-27a39d783148","message":"Livraison créée","service":"livraisonsService","timestamp":"2026-06-27T16:53:32.763Z"}
{"commandeId":"23ae2247-bda7-44a4-be7d-31146f1639d2","level":"info","livraisonId":"de677d52-03fd-4ddd-8f50-5d34e91d4f45","livreurId":"70f14123-7cb5-4fc3-a063-27a39d783148","message":"Livraison créée","service":"livraisonsService","timestamp":"2026-06-27T16:53:50.263Z"}
{"level":"info","message":"Nouvelle connexion PostgreSQL établie","service":"database","timestamp":"2026-06-27T17:40:27.337Z"}
{"level":"info","message":"Utilisateur connecté","role":"LIVREUR","service":"authService","timestamp":"2026-06-27T17:40:45.013Z","userId":"70f14123-7cb5-4fc3-a063-27a39d783148"}
{"level":"info","livraisonId":"de677d52-03fd-4ddd-8f50-5d34e91d4f45","livreurId":"70f14123-7cb5-4fc3-a063-27a39d783148","message":"Livraison acceptée","service":"livraisonsService","timestamp":"2026-06-27T17:40:54.292Z"}
{"level":"info","livraisonId":"bd75e015-7b14-47cc-b639-6d88055f50a7","livreurId":"70f14123-7cb5-4fc3-a063-27a39d783148","message":"Livraison acceptée","service":"livraisonsService","timestamp":"2026-06-27T17:41:22.418Z"}
{"level":"info","message":"Utilisateur déconnecté","service":"authService","timestamp":"2026-06-27T17:41:31.956Z","userId":"70f14123-7cb5-4fc3-a063-27a39d783148"}
{"level":"info","message":"Utilisateur connecté","role":"LIVREUR","service":"authService","timestamp":"2026-06-27T17:41:48.710Z","userId":"70f14123-7cb5-4fc3-a063-27a39d783148"}
{"level":"info","message":"Utilisateur déconnecté","service":"authService","timestamp":"2026-06-27T17:42:15.831Z","userId":"70f14123-7cb5-4fc3-a063-27a39d783148"}
{"level":"info","message":"Utilisateur connecté","role":"ADMIN","service":"authService","timestamp":"2026-06-27T17:42:36.075Z","userId":"ad7ed2f9-25f9-475c-85f9-968af1470dff"}
{"level":"info","message":"Nouvelle connexion PostgreSQL établie","service":"database","timestamp":"2026-06-27T17:43:24.403Z"}
{"level":"info","message":"Utilisateur déconnecté","service":"authService","timestamp":"2026-06-27T17:43:24.413Z","userId":"ad7ed2f9-25f9-475c-85f9-968af1470dff"}
{"level":"info","message":"Nouvelle connexion PostgreSQL établie","service":"database","timestamp":"2026-06-27T17:58:02.040Z"}
{"level":"info","message":"Utilisateur connecté","role":"ADMIN","service":"authService","timestamp":"2026-06-27T17:58:02.397Z","userId":"ad7ed2f9-25f9-475c-85f9-968af1470dff"}
{"code":"FORBIDDEN","level":"warn","message":"Erreur métier Accès refusé : droits insuffisants","method":"GET","service":"errorHandler","timestamp":"2026-06-27T17:58:02.929Z","url":"/api/v1/livraisons/mes-missions"}
{"level":"info","message":"Nouvelle connexion PostgreSQL établie","service":"database","timestamp":"2026-06-27T17:58:03.041Z"}
{"commandeId":"e205d6df-00f9-406e-847e-cf5f2f169a5f","level":"info","livraisonId":"bb058428-48f3-46eb-81e4-25a6506df2b1","livreurId":"70f14123-7cb5-4fc3-a063-27a39d783148","message":"Livraison créée","service":"livraisonsService","timestamp":"2026-06-27T17:58:18.844Z"}
{"level":"info","message":"Utilisateur déconnecté","service":"authService","timestamp":"2026-06-27T17:58:31.236Z","userId":"ad7ed2f9-25f9-475c-85f9-968af1470dff"}
{"level":"info","message":"Utilisateur connecté","role":"LIVREUR","service":"authService","timestamp":"2026-06-27T17:58:44.961Z","userId":"70f14123-7cb5-4fc3-a063-27a39d783148"}
{"level":"info","message":"Nouvelle connexion PostgreSQL établie","service":"database","timestamp":"2026-06-27T17:59:30.906Z"}
{"level":"info","livraisonId":"bb058428-48f3-46eb-81e4-25a6506df2b1","livreurId":"70f14123-7cb5-4fc3-a063-27a39d783148","message":"Livraison acceptée","service":"livraisonsService","timestamp":"2026-06-27T17:59:31.153Z"}
{"level":"info","message":"Utilisateur déconnecté","service":"authService","timestamp":"2026-06-27T17:59:47.417Z","userId":"70f14123-7cb5-4fc3-a063-27a39d783148"}
